# JRE version: OpenJDK Runtime Environment Temurin-17.0.1+12 (17.0.1+12) (build 17.0.1+12)
# Java VM: OpenJDK 64-Bit Server VM Temurin-17.0.1+12 (17.0.1+12, mixed mode, emulated-client, tiered, compressed oops, compressed class ptrs, g1 gc, windows-amd64)
GC Precious Log:
 CPUs: 8 total, 8 available
 Memory: 8042M
 Large Page Support: Disabled
 NUMA Support: Disabled
 Compressed Oops: Enabled (32-bit)
 Heap Region Size: 1M
 Heap Min Capacity: 8M
 Heap Initial Capacity: 126M
 Heap Max Capacity: 2012M
 Pre-touch: Disabled
 Parallel Workers: 8
 Concurrent Workers: 2
 Concurrent Refinement Workers: 8
 Periodic GC: Disabled
Heap:
 garbage-first heap   total 164864K, used 31539K [0x0000000082400000, 0x0000000100000000)
  region size 1024K, 5 young (5120K), 5 survivors (5120K)
 Metaspace       used 69390K, committed 69952K, reserved 1114112K
  class space    used 9401K, committed 9664K, reserved 1048576K
GC Heap History (20 events):
Event: 1.132 GC heap after
{Heap after GC invocations=8 (full 0):
 garbage-first heap   total 82944K, used 12431K [0x0000000082400000, 0x0000000100000000)
  region size 1024K, 2 young (2048K), 2 survivors (2048K)
 Metaspace       used 29919K, committed 30272K, reserved 1081344K
  class space    used 3685K, committed 3840K, reserved 1048576K
}
Event: 1.681 GC heap before
{Heap before GC invocations=8 (full 0):
 garbage-first heap   total 82944K, used 59535K [0x0000000082400000, 0x0000000100000000)
  region size 1024K, 48 young (49152K), 2 survivors (2048K)
 Metaspace       used 35115K, committed 35456K, reserved 1081344K
  class space    used 4506K, committed 4672K, reserved 1048576K
}
Event: 1.685 GC heap after
{Heap after GC invocations=9 (full 0):
 garbage-first heap   total 82944K, used 15783K [0x0000000082400000, 0x0000000100000000)
  region size 1024K, 5 young (5120K), 5 survivors (5120K)
 Metaspace       used 35115K, committed 35456K, reserved 1081344K
  class space    used 4506K, committed 4672K, reserved 1048576K
}
Event: 1.727 GC heap before
{Heap before GC invocations=9 (full 0):
 garbage-first heap   total 82944K, used 18855K [0x0000000082400000, 0x0000000100000000)
  region size 1024K, 9 young (9216K), 5 survivors (5120K)
 Metaspace       used 35835K, committed 36160K, reserved 1081344K
  class space    used 4606K, committed 4736K, reserved 1048576K
}
Event: 1.731 GC heap after
{Heap after GC invocations=10 (full 0):
 garbage-first heap   total 82944K, used 16603K [0x0000000082400000, 0x0000000100000000)
  region size 1024K, 1 young (1024K), 1 survivors (1024K)
 Metaspace       used 35835K, committed 36160K, reserved 1081344K
  class space    used 4606K, committed 4736K, reserved 1048576K
}
Event: 1.843 GC heap before
{Heap before GC invocations=11 (full 0):
 garbage-first heap   total 65536K, used 55515K [0x0000000082400000, 0x0000000100000000)
  region size 1024K, 41 young (41984K), 1 survivors (1024K)
 Metaspace       used 37457K, committed 37824K, reserved 1089536K
  class space    used 4819K, committed 4992K, reserved 1048576K
}
Event: 1.845 GC heap after
{Heap after GC invocations=12 (full 0):
 garbage-first heap   total 65536K, used 17289K [0x0000000082400000, 0x0000000100000000)
  region size 1024K, 2 young (2048K), 2 survivors (2048K)
 Metaspace       used 37457K, committed 37824K, reserved 1089536K
  class space    used 4819K, committed 4992K, reserved 1048576K
}
Event: 1.845 GC heap before
{Heap before GC invocations=12 (full 0):
 garbage-first heap   total 65536K, used 17289K [0x0000000082400000, 0x0000000100000000)
  region size 1024K, 3 young (3072K), 2 survivors (2048K)
 Metaspace       used 37457K, committed 37824K, reserved 1089536K
  class space    used 4819K, committed 4992K, reserved 1048576K
}
Event: 1.847 GC heap after
{Heap after GC invocations=13 (full 0):
 garbage-first heap   total 65536K, used 17249K [0x0000000082400000, 0x0000000100000000)
  region size 1024K, 1 young (1024K), 1 survivors (1024K)
 Metaspace       used 37457K, committed 37824K, reserved 1089536K
  class space    used 4819K, committed 4992K, reserved 1048576K
}
Event: 1.880 GC heap before
{Heap before GC invocations=13 (full 0):
 garbage-first heap   total 65536K, used 47969K [0x0000000082400000, 0x0000000100000000)
  region size 1024K, 32 young (32768K), 1 survivors (1024K)
 Metaspace       used 37907K, committed 38336K, reserved 1089536K
  class space    used 4860K, committed 5056K, reserved 1048576K
}
Event: 1.881 GC heap after
{Heap after GC invocations=14 (full 0):
 garbage-first heap   total 164864K, used 17580K [0x0000000082400000, 0x0000000100000000)
  region size 1024K, 1 young (1024K), 1 survivors (1024K)
 Metaspace       used 37907K, committed 38336K, reserved 1089536K
  class space    used 4860K, committed 5056K, reserved 1048576K
}
Event: 2.759 GC heap before
{Heap before GC invocations=14 (full 0):
 garbage-first heap   total 164864K, used 113836K [0x0000000082400000, 0x0000000100000000)
  region size 1024K, 96 young (98304K), 1 survivors (1024K)
 Metaspace       used 53652K, committed 54016K, reserved 1097728K
  class space    used 7206K, committed 7360K, reserved 1048576K
}
Event: 2.763 GC heap after
{Heap after GC invocations=15 (full 0):
 garbage-first heap   total 164864K, used 22026K [0x0000000082400000, 0x0000000100000000)
  region size 1024K, 5 young (5120K), 5 survivors (5120K)
 Metaspace       used 53652K, committed 54016K, reserved 1097728K
  class space    used 7206K, committed 7360K, reserved 1048576K
}
Event: 3.905 GC heap before
{Heap before GC invocations=15 (full 0):
 garbage-first heap   total 164864K, used 65034K [0x0000000082400000, 0x0000000100000000)
  region size 1024K, 48 young (49152K), 5 survivors (5120K)
 Metaspace       used 60194K, committed 60608K, reserved 1105920K
  class space    used 8112K, committed 8320K, reserved 1048576K
}
Event: 3.910 GC heap after
{Heap after GC invocations=16 (full 0):
 garbage-first heap   total 164864K, used 24506K [0x0000000082400000, 0x0000000100000000)
  region size 1024K, 8 young (8192K), 8 survivors (8192K)
 Metaspace       used 60194K, committed 60608K, reserved 1105920K
  class space    used 8112K, committed 8320K, reserved 1048576K
}
Event: 4.228 GC heap before
{Heap before GC invocations=17 (full 0):
 garbage-first heap   total 92160K, used 79802K [0x0000000082400000, 0x0000000100000000)
  region size 1024K, 62 young (63488K), 8 survivors (8192K)
 Metaspace       used 62564K, committed 63104K, reserved 1105920K
  class space    used 8480K, committed 8768K, reserved 1048576K
}
Event: 4.234 GC heap after
{Heap after GC invocations=18 (full 0):
 garbage-first heap   total 92160K, used 27451K [0x0000000082400000, 0x0000000100000000)
  region size 1024K, 6 young (6144K), 6 survivors (6144K)
 Metaspace       used 62564K, committed 63104K, reserved 1105920K
  class space    used 8480K, committed 8768K, reserved 1048576K
}
Event: 4.247 GC heap before
{Heap before GC invocations=18 (full 0):
 garbage-first heap   total 92160K, used 28475K [0x0000000082400000, 0x0000000100000000)
  region size 1024K, 7 young (7168K), 6 survivors (6144K)
 Metaspace       used 62607K, committed 63168K, reserved 1105920K
  class space    used 8485K, committed 8768K, reserved 1048576K
}
Event: 4.251 GC heap after
{Heap after GC invocations=19 (full 0):
 garbage-first heap   total 92160K, used 27818K [0x0000000082400000, 0x0000000100000000)
  region size 1024K, 1 young (1024K), 1 survivors (1024K)
 Metaspace       used 62607K, committed 63168K, reserved 1105920K
  class space    used 8485K, committed 8768K, reserved 1048576K
}
Event: 70.843 GC heap before
{Heap before GC invocations=19 (full 0):
 garbage-first heap   total 92160K, used 72874K [0x0000000082400000, 0x0000000100000000)
  region size 1024K, 46 young (47104K), 1 survivors (1024K)
 Metaspace       used 69390K, committed 69952K, reserved 1114112K
  class space    used 9401K, committed 9664K, reserved 1048576K
}

