# JRE version: OpenJDK Runtime Environment Temurin-17.0.1+12 (17.0.1+12) (build 17.0.1+12)
# Java VM: OpenJDK 64-Bit Server VM Temurin-17.0.1+12 (17.0.1+12, mixed mode, emulated-client, tiered, compressed oops, compressed class ptrs, g1 gc, windows-amd64)
GC Precious Log:
 CPUs: 8 total, 8 available
 Memory: 8127M
 Large Page Support: Disabled
 NUMA Support: Disabled
 Compressed Oops: Enabled (32-bit)
 Heap Region Size: 1M
 Heap Min Capacity: 8M
 Heap Initial Capacity: 128M
 Heap Max Capacity: 2032M
 Pre-touch: Disabled
 Parallel Workers: 8
 Concurrent Workers: 2
 Concurrent Refinement Workers: 8
 Periodic GC: Disabled
Heap:
 garbage-first heap   total 114688K, used 28383K [0x0000000081000000, 0x0000000100000000)
  region size 1024K, 14 young (14336K), 3 survivors (3072K)
 Metaspace       used 45813K, committed 46208K, reserved 1089536K
  class space    used 6020K, committed 6208K, reserved 1048576K
GC Heap History (20 events):
Event: 0.973 GC heap before
{Heap before GC invocations=2 (full 0):
 garbage-first heap   total 131072K, used 47168K [0x0000000081000000, 0x0000000100000000)
  region size 1024K, 41 young (41984K), 1 survivors (1024K)
 Metaspace       used 21231K, committed 21504K, reserved 1073152K
  class space    used 2488K, committed 2624K, reserved 1048576K
}
Event: 0.976 GC heap after
{Heap after GC invocations=3 (full 0):
 garbage-first heap   total 131072K, used 9416K [0x0000000081000000, 0x0000000100000000)
  region size 1024K, 2 young (2048K), 2 survivors (2048K)
 Metaspace       used 21231K, committed 21504K, reserved 1073152K
  class space    used 2488K, committed 2624K, reserved 1048576K
}
Event: 1.142 GC heap before
{Heap before GC invocations=4 (full 0):
 garbage-first heap   total 37888K, used 28872K [0x0000000081000000, 0x0000000100000000)
  region size 1024K, 22 young (22528K), 2 survivors (2048K)
 Metaspace       used 24736K, committed 25024K, reserved 1073152K
  class space    used 3064K, committed 3200K, reserved 1048576K
}
Event: 1.145 GC heap after
{Heap after GC invocations=5 (full 0):
 garbage-first heap   total 37888K, used 10753K [0x0000000081000000, 0x0000000100000000)
  region size 1024K, 3 young (3072K), 3 survivors (3072K)
 Metaspace       used 24736K, committed 25024K, reserved 1073152K
  class space    used 3064K, committed 3200K, reserved 1048576K
}
Event: 1.163 GC heap before
{Heap before GC invocations=5 (full 0):
 garbage-first heap   total 37888K, used 26113K [0x0000000081000000, 0x0000000100000000)
  region size 1024K, 19 young (19456K), 3 survivors (3072K)
 Metaspace       used 25186K, committed 25408K, reserved 1073152K
  class space    used 3119K, committed 3200K, reserved 1048576K
}
Event: 1.165 GC heap after
{Heap after GC invocations=6 (full 0):
 garbage-first heap   total 37888K, used 11061K [0x0000000081000000, 0x0000000100000000)
  region size 1024K, 2 young (2048K), 2 survivors (2048K)
 Metaspace       used 25186K, committed 25408K, reserved 1073152K
  class space    used 3119K, committed 3200K, reserved 1048576K
}
Event: 1.167 GC heap before
{Heap before GC invocations=6 (full 0):
 garbage-first heap   total 37888K, used 26421K [0x0000000081000000, 0x0000000100000000)
  region size 1024K, 18 young (18432K), 2 survivors (2048K)
 Metaspace       used 25199K, committed 25472K, reserved 1073152K
  class space    used 3123K, committed 3264K, reserved 1048576K
}
Event: 1.169 GC heap after
{Heap after GC invocations=7 (full 0):
 garbage-first heap   total 57344K, used 11067K [0x0000000081000000, 0x0000000100000000)
  region size 1024K, 2 young (2048K), 2 survivors (2048K)
 Metaspace       used 25199K, committed 25472K, reserved 1073152K
  class space    used 3123K, committed 3264K, reserved 1048576K
}
Event: 1.313 GC heap before
{Heap before GC invocations=7 (full 0):
 garbage-first heap   total 57344K, used 40763K [0x0000000081000000, 0x0000000100000000)
  region size 1024K, 32 young (32768K), 2 survivors (2048K)
 Metaspace       used 29357K, committed 29696K, reserved 1081344K
  class space    used 3596K, committed 3776K, reserved 1048576K
}
Event: 1.315 GC heap after
{Heap after GC invocations=8 (full 0):
 garbage-first heap   total 57344K, used 12134K [0x0000000081000000, 0x0000000100000000)
  region size 1024K, 3 young (3072K), 3 survivors (3072K)
 Metaspace       used 29357K, committed 29696K, reserved 1081344K
  class space    used 3596K, committed 3776K, reserved 1048576K
}
Event: 1.678 GC heap before
{Heap before GC invocations=8 (full 0):
 garbage-first heap   total 57344K, used 42854K [0x0000000081000000, 0x0000000100000000)
  region size 1024K, 33 young (33792K), 3 survivors (3072K)
 Metaspace       used 32751K, committed 33088K, reserved 1081344K
  class space    used 4140K, committed 4288K, reserved 1048576K
}
Event: 1.681 GC heap after
{Heap after GC invocations=9 (full 0):
 garbage-first heap   total 57344K, used 13598K [0x0000000081000000, 0x0000000100000000)
  region size 1024K, 4 young (4096K), 4 survivors (4096K)
 Metaspace       used 32751K, committed 33088K, reserved 1081344K
  class space    used 4140K, committed 4288K, reserved 1048576K
}
Event: 1.960 GC heap before
{Heap before GC invocations=9 (full 0):
 garbage-first heap   total 57344K, used 33054K [0x0000000081000000, 0x0000000100000000)
  region size 1024K, 24 young (24576K), 4 survivors (4096K)
 Metaspace       used 35742K, committed 36096K, reserved 1081344K
  class space    used 4628K, committed 4800K, reserved 1048576K
}
Event: 1.964 GC heap after
{Heap after GC invocations=10 (full 0):
 garbage-first heap   total 57344K, used 15574K [0x0000000081000000, 0x0000000100000000)
  region size 1024K, 4 young (4096K), 4 survivors (4096K)
 Metaspace       used 35742K, committed 36096K, reserved 1081344K
  class space    used 4628K, committed 4800K, reserved 1048576K
}
Event: 2.068 GC heap before
{Heap before GC invocations=11 (full 0):
 garbage-first heap   total 57344K, used 42198K [0x0000000081000000, 0x0000000100000000)
  region size 1024K, 31 young (31744K), 4 survivors (4096K)
 Metaspace       used 37101K, committed 37440K, reserved 1089536K
  class space    used 4776K, committed 4928K, reserved 1048576K
}
Event: 2.071 GC heap after
{Heap after GC invocations=12 (full 0):
 garbage-first heap   total 57344K, used 16335K [0x0000000081000000, 0x0000000100000000)
  region size 1024K, 3 young (3072K), 3 survivors (3072K)
 Metaspace       used 37101K, committed 37440K, reserved 1089536K
  class space    used 4776K, committed 4928K, reserved 1048576K
}
Event: 2.121 GC heap before
{Heap before GC invocations=12 (full 0):
 garbage-first heap   total 57344K, used 42959K [0x0000000081000000, 0x0000000100000000)
  region size 1024K, 30 young (30720K), 3 survivors (3072K)
 Metaspace       used 37684K, committed 38080K, reserved 1089536K
  class space    used 4826K, committed 4992K, reserved 1048576K
}
Event: 2.125 GC heap after
{Heap after GC invocations=13 (full 0):
 garbage-first heap   total 114688K, used 16987K [0x0000000081000000, 0x0000000100000000)
  region size 1024K, 2 young (2048K), 2 survivors (2048K)
 Metaspace       used 37684K, committed 38080K, reserved 1089536K
  class space    used 4826K, committed 4992K, reserved 1048576K
}
Event: 2.554 GC heap before
{Heap before GC invocations=13 (full 0):
 garbage-first heap   total 114688K, used 82523K [0x0000000081000000, 0x0000000100000000)
  region size 1024K, 67 young (68608K), 2 survivors (2048K)
 Metaspace       used 43001K, committed 43328K, reserved 1089536K
  class space    used 5691K, committed 5824K, reserved 1048576K
}
Event: 2.557 GC heap after
{Heap after GC invocations=14 (full 0):
 garbage-first heap   total 114688K, used 18143K [0x0000000081000000, 0x0000000100000000)
  region size 1024K, 3 young (3072K), 3 survivors (3072K)
 Metaspace       used 43001K, committed 43328K, reserved 1089536K
  class space    used 5691K, committed 5824K, reserved 1048576K
}

